<?xml version="1.0" encoding="UTF-8"?>
<testng-results ignored="0" total="2" passed="2" failed="0" skipped="0">
  <reporter-output>
  </reporter-output>
  <suite started-at="2026-02-19T22:29:41 IST" name="Suite" finished-at="2026-02-19T22:29:42 IST" duration-ms="113">
    <groups>
    </groups>
    <test started-at="2026-02-19T22:29:41 IST" name="Demo TestNG" finished-at="2026-02-19T22:29:42 IST" duration-ms="113">
      <class name="com.testng.NewTest">
        <test-method is-config="true" signature="beforeClass()[pri:0, instance:com.testng.NewTest@45752059]" started-at="2026-02-19T22:29:41 IST" name="beforeClass" finished-at="2026-02-19T22:29:41 IST" duration-ms="19" status="PASS">
          <reporter-output>
          </reporter-output>
        </test-method> <!-- beforeClass -->
        <test-method signature="G()[pri:0, instance:com.testng.NewTest@45752059]" started-at="2026-02-19T22:29:41 IST" name="G" finished-at="2026-02-19T22:29:41 IST" duration-ms="11" status="PASS">
          <reporter-output>
          </reporter-output>
        </test-method> <!-- G -->
        <test-method signature="f()[pri:0, instance:com.testng.NewTest@45752059]" started-at="2026-02-19T22:29:41 IST" name="f" finished-at="2026-02-19T22:29:41 IST" duration-ms="2" status="PASS">
          <reporter-output>
          </reporter-output>
        </test-method> <!-- f -->
        <test-method is-config="true" signature="afterClass()[pri:0, instance:com.testng.NewTest@45752059]" started-at="2026-02-19T22:29:42 IST" name="afterClass" finished-at="2026-02-19T22:29:42 IST" duration-ms="1" status="PASS">
          <reporter-output>
          </reporter-output>
        </test-method> <!-- afterClass -->
      </class> <!-- com.testng.NewTest -->
    </test> <!-- Demo TestNG -->
  </suite> <!-- Suite -->
</testng-results>
